2025-09-15 12:20:58 INFO  [main] [] [] c.v.springjwt.SpringjwtApplication - Starting SpringjwtApplication using Java 17.0.15 with PID 17900 (F:\Java Base Projects\springboot-startup\backend\target\classes started by Alvin in F:\Java Base Projects\springboot-startup)
2025-09-15 12:20:58 DEBUG [main] [] [] c.v.springjwt.SpringjwtApplication - Running with Spring Boot v3.5.5, Spring v6.2.10
2025-09-15 12:20:58 INFO  [main] [] [] c.v.springjwt.SpringjwtApplication - No active profile set, falling back to 1 default profile: "default"
2025-09-15 12:20:59 INFO  [main] [] [] o.s.d.r.c.RepositoryConfigurationDelegate - Bootstrapping Spring Data JPA repositories in DEFAULT mode.
2025-09-15 12:20:59 INFO  [main] [] [] o.s.d.r.c.RepositoryConfigurationDelegate - Finished Spring Data repository scanning in 46 ms. Found 1 JPA repository interface.
2025-09-15 12:21:00 INFO  [main] [] [] o.s.b.w.e.tomcat.TomcatWebServer - Tomcat initialized with port 8080 (http)
2025-09-15 12:21:00 INFO  [main] [] [] o.a.catalina.core.StandardService - Starting service [Tomcat]
2025-09-15 12:21:00 INFO  [main] [] [] o.a.catalina.core.StandardEngine - Starting Servlet engine: [Apache Tomcat/10.1.44]
2025-09-15 12:21:00 INFO  [main] [] [] o.a.c.c.C.[Tomcat].[localhost].[/] - Initializing Spring embedded WebApplicationContext
2025-09-15 12:21:00 INFO  [main] [] [] o.s.b.w.s.c.ServletWebServerApplicationContext - Root WebApplicationContext: initialization completed in 1446 ms
2025-09-15 12:21:00 DEBUG [main] [] [] c.v.springjwt.filter.JwtAuthFilter - Filter 'jwtAuthFilter' configured for use
2025-09-15 12:21:00 INFO  [main] [] [] o.h.jpa.internal.util.LogHelper - HHH000204: Processing PersistenceUnitInfo [name: default]
2025-09-15 12:21:00 INFO  [main] [] [] org.hibernate.Version - HHH000412: Hibernate ORM core version 6.6.26.Final
2025-09-15 12:21:00 INFO  [main] [] [] o.h.c.i.RegionFactoryInitiator - HHH000026: Second-level cache disabled
2025-09-15 12:21:00 INFO  [main] [] [] o.s.o.j.p.SpringPersistenceUnitInfo - No LoadTimeWeaver setup: ignoring JPA class transformer
2025-09-15 12:21:00 INFO  [main] [] [] com.zaxxer.hikari.HikariDataSource - HikariPool-1 - Starting...
2025-09-15 12:21:01 INFO  [main] [] [] com.zaxxer.hikari.pool.HikariPool - HikariPool-1 - Added connection org.postgresql.jdbc.PgConnection@16df9bde
2025-09-15 12:21:01 INFO  [main] [] [] com.zaxxer.hikari.HikariDataSource - HikariPool-1 - Start completed.
2025-09-15 12:21:01 INFO  [main] [] [] o.hibernate.orm.connections.pooling - HHH10001005: Database info:
	Database JDBC URL [Connecting through datasource 'HikariDataSource (HikariPool-1)']
	Database driver: undefined/unknown
	Database version: 17.5
	Autocommit mode: undefined/unknown
	Isolation level: undefined/unknown
	Minimum pool size: undefined/unknown
	Maximum pool size: undefined/unknown
2025-09-15 12:21:02 INFO  [main] [] [] o.h.e.t.j.p.i.JtaPlatformInitiator - HHH000489: No JTA platform available (set 'hibernate.transaction.jta.platform' to enable JTA platform integration)
2025-09-15 12:21:02 INFO  [main] [] [] o.s.o.j.LocalContainerEntityManagerFactoryBean - Initialized JPA EntityManagerFactory for persistence unit 'default'
2025-09-15 12:21:02 WARN  [main] [] [] o.s.b.a.o.j.JpaBaseConfiguration$JpaWebConfiguration - spring.jpa.open-in-view is enabled by default. Therefore, database queries may be performed during view rendering. Explicitly configure spring.jpa.open-in-view to disable this warning
2025-09-15 12:21:02 WARN  [main] [] [] o.s.b.a.s.s.UserDetailsServiceAutoConfiguration - 

Using generated security password: b8e0054f-7e77-4c04-b063-05af04ca7ab5

This generated password is for development use only. Your security configuration must be updated before running your application in production.

2025-09-15 12:21:02 INFO  [main] [] [] o.s.s.c.a.a.c.InitializeUserDetailsBeanManagerConfigurer$InitializeUserDetailsManagerConfigurer - Global AuthenticationManager configured with UserDetailsService bean with name inMemoryUserDetailsManager
2025-09-15 12:21:02 INFO  [main] [] [] o.s.b.a.w.s.WelcomePageHandlerMapping - Adding welcome page: class path resource [static/index.html]
2025-09-15 12:21:03 INFO  [main] [] [] o.s.b.w.e.tomcat.TomcatWebServer - Tomcat started on port 8080 (http) with context path '/'
2025-09-15 12:21:03 INFO  [main] [] [] c.v.springjwt.SpringjwtApplication - Started SpringjwtApplication in 4.784 seconds (process running for 5.316)
2025-09-15 12:21:05 INFO  [http-nio-8080-exec-1] [] [] o.a.c.c.C.[Tomcat].[localhost].[/] - Initializing Spring DispatcherServlet 'dispatcherServlet'
2025-09-15 12:21:05 INFO  [http-nio-8080-exec-1] [] [] o.s.web.servlet.DispatcherServlet - Initializing Servlet 'dispatcherServlet'
2025-09-15 12:21:05 INFO  [http-nio-8080-exec-1] [] [] o.s.web.servlet.DispatcherServlet - Completed initialization in 2 ms
2025-09-15 12:21:05 ERROR [http-nio-8080-exec-3] [admin] [6b195582-5ac6-4f9c-9153-43def5befc9b] com.vozni.springjwt.api.Admin - /ping
2025-09-15 12:30:40 INFO  [SpringApplicationShutdownHook] [] [] o.s.b.w.e.tomcat.GracefulShutdown - Commencing graceful shutdown. Waiting for active requests to complete
2025-09-15 12:30:41 INFO  [tomcat-shutdown] [] [] o.s.b.w.e.tomcat.GracefulShutdown - Graceful shutdown complete
2025-09-15 12:30:41 INFO  [SpringApplicationShutdownHook] [] [] o.s.o.j.LocalContainerEntityManagerFactoryBean - Closing JPA EntityManagerFactory for persistence unit 'default'
2025-09-15 12:30:41 INFO  [SpringApplicationShutdownHook] [] [] com.zaxxer.hikari.HikariDataSource - HikariPool-1 - Shutdown initiated...
2025-09-15 12:30:41 INFO  [SpringApplicationShutdownHook] [] [] com.zaxxer.hikari.HikariDataSource - HikariPool-1 - Shutdown completed.
