2025-10-15 17:16:39 INFO  [main] [] [] c.v.springjwt.model.entity.UserTest - Starting UserTest using Java 17.0.15 with PID 16480 (started by Alvin in F:\Java Projects\diamond-sharping-center\backend)
2025-10-15 17:16:39 DEBUG [main] [] [] c.v.springjwt.model.entity.UserTest - Running with Spring Boot v3.5.5, Spring v6.2.10
2025-10-15 17:16:39 INFO  [main] [] [] c.v.springjwt.model.entity.UserTest - No active profile set, falling back to 1 default profile: "default"
2025-10-15 17:16:40 INFO  [main] [] [] o.s.d.r.c.RepositoryConfigurationDelegate - Bootstrapping Spring Data JPA repositories in DEFAULT mode.
2025-10-15 17:16:40 INFO  [main] [] [] o.s.d.r.c.RepositoryConfigurationDelegate - Finished Spring Data repository scanning in 77 ms. Found 2 JPA repository interfaces.
2025-10-15 17:16:40 INFO  [main] [] [] o.h.jpa.internal.util.LogHelper - HHH000204: Processing PersistenceUnitInfo [name: default]
2025-10-15 17:16:40 INFO  [main] [] [] org.hibernate.Version - HHH000412: Hibernate ORM core version 6.6.26.Final
2025-10-15 17:16:40 INFO  [main] [] [] o.h.c.i.RegionFactoryInitiator - HHH000026: Second-level cache disabled
2025-10-15 17:16:41 INFO  [main] [] [] o.s.o.j.p.SpringPersistenceUnitInfo - No LoadTimeWeaver setup: ignoring JPA class transformer
2025-10-15 17:16:41 INFO  [main] [] [] com.zaxxer.hikari.HikariDataSource - HikariPool-1 - Starting...
2025-10-15 17:16:41 INFO  [main] [] [] com.zaxxer.hikari.pool.HikariPool - HikariPool-1 - Added connection org.postgresql.jdbc.PgConnection@33f349ae
2025-10-15 17:16:41 INFO  [main] [] [] com.zaxxer.hikari.HikariDataSource - HikariPool-1 - Start completed.
2025-10-15 17:16:41 INFO  [main] [] [] o.hibernate.orm.connections.pooling - HHH10001005: Database info:
	Database JDBC URL [Connecting through datasource 'HikariDataSource (HikariPool-1)']
	Database driver: undefined/unknown
	Database version: 17.5
	Autocommit mode: undefined/unknown
	Isolation level: undefined/unknown
	Minimum pool size: undefined/unknown
	Maximum pool size: undefined/unknown
2025-10-15 17:16:42 INFO  [main] [] [] o.h.e.t.j.p.i.JtaPlatformInitiator - HHH000489: No JTA platform available (set 'hibernate.transaction.jta.platform' to enable JTA platform integration)
2025-10-15 17:16:43 INFO  [main] [] [] o.s.o.j.LocalContainerEntityManagerFactoryBean - Initialized JPA EntityManagerFactory for persistence unit 'default'
2025-10-15 17:16:43 WARN  [main] [] [] o.s.b.a.o.j.JpaBaseConfiguration$JpaWebConfiguration - spring.jpa.open-in-view is enabled by default. Therefore, database queries may be performed during view rendering. Explicitly configure spring.jpa.open-in-view to disable this warning
2025-10-15 17:16:43 WARN  [main] [] [] o.s.b.a.s.s.UserDetailsServiceAutoConfiguration - 

Using generated security password: 551a7ffc-7f23-4db2-9b54-0329a21b4477

This generated password is for development use only. Your security configuration must be updated before running your application in production.

2025-10-15 17:16:43 INFO  [main] [] [] o.s.s.c.a.a.c.InitializeUserDetailsBeanManagerConfigurer$InitializeUserDetailsManagerConfigurer - Global AuthenticationManager configured with UserDetailsService bean with name inMemoryUserDetailsManager
2025-10-15 17:16:43 INFO  [main] [] [] o.s.b.a.w.s.WelcomePageHandlerMapping - Adding welcome page: class path resource [static/index.html]
2025-10-15 17:16:44 INFO  [main] [] [] c.v.springjwt.model.entity.UserTest - Started UserTest in 5.818 seconds (process running for 6.983)
2025-10-15 17:16:47 INFO  [main] [] [] o.s.t.c.s.AnnotationConfigContextLoaderUtils - Could not detect default configuration classes for test class [com.vozni.springjwt.SpringjwtApplicationTests]: SpringjwtApplicationTests does not declare any static, non-private, non-final, nested classes annotated with @Configuration.
2025-10-15 17:16:47 INFO  [main] [] [] o.s.b.t.c.SpringBootTestContextBootstrapper - Found @SpringBootConfiguration com.vozni.springjwt.SpringjwtApplication for test class com.vozni.springjwt.SpringjwtApplicationTests
2025-10-15 17:16:47 INFO  [main] [] [] o.s.t.c.s.AnnotationConfigContextLoaderUtils - Could not detect default configuration classes for test class [com.vozni.springjwt.util.JwtUtilTest]: JwtUtilTest does not declare any static, non-private, non-final, nested classes annotated with @Configuration.
2025-10-15 17:16:47 INFO  [main] [] [] o.s.b.t.c.SpringBootTestContextBootstrapper - Found @SpringBootConfiguration com.vozni.springjwt.SpringjwtApplication for test class com.vozni.springjwt.util.JwtUtilTest
2025-10-15 17:16:47 INFO  [SpringApplicationShutdownHook] [] [] o.s.o.j.LocalContainerEntityManagerFactoryBean - Closing JPA EntityManagerFactory for persistence unit 'default'
2025-10-15 17:16:47 INFO  [SpringApplicationShutdownHook] [] [] com.zaxxer.hikari.HikariDataSource - HikariPool-1 - Shutdown initiated...
2025-10-15 17:16:47 INFO  [SpringApplicationShutdownHook] [] [] com.zaxxer.hikari.HikariDataSource - HikariPool-1 - Shutdown completed.
2025-10-15 18:31:15 INFO  [main] [] [] c.v.springjwt.SpringjwtApplication - Starting SpringjwtApplication using Java 17.0.15 with PID 2008 (F:\Java Projects\diamond-sharping-center\backend\target\classes started by Alvin in F:\Java Projects\diamond-sharping-center\backend)
2025-10-15 18:31:15 DEBUG [main] [] [] c.v.springjwt.SpringjwtApplication - Running with Spring Boot v3.5.5, Spring v6.2.10
2025-10-15 18:31:15 INFO  [main] [] [] c.v.springjwt.SpringjwtApplication - No active profile set, falling back to 1 default profile: "default"
2025-10-15 18:31:16 INFO  [main] [] [] o.s.d.r.c.RepositoryConfigurationDelegate - Bootstrapping Spring Data JPA repositories in DEFAULT mode.
2025-10-15 18:31:16 INFO  [main] [] [] o.s.d.r.c.RepositoryConfigurationDelegate - Finished Spring Data repository scanning in 54 ms. Found 2 JPA repository interfaces.
2025-10-15 18:31:16 INFO  [main] [] [] o.s.b.w.e.tomcat.TomcatWebServer - Tomcat initialized with port 8080 (http)
2025-10-15 18:31:16 INFO  [main] [] [] o.a.catalina.core.StandardService - Starting service [Tomcat]
2025-10-15 18:31:16 INFO  [main] [] [] o.a.catalina.core.StandardEngine - Starting Servlet engine: [Apache Tomcat/10.1.44]
2025-10-15 18:31:16 INFO  [main] [] [] o.a.c.c.C.[Tomcat].[localhost].[/] - Initializing Spring embedded WebApplicationContext
2025-10-15 18:31:16 INFO  [main] [] [] o.s.b.w.s.c.ServletWebServerApplicationContext - Root WebApplicationContext: initialization completed in 1253 ms
2025-10-15 18:31:16 DEBUG [main] [] [] c.v.springjwt.filter.JwtAuthFilter - Filter 'jwtAuthFilter' configured for use
2025-10-15 18:31:17 INFO  [main] [] [] o.h.jpa.internal.util.LogHelper - HHH000204: Processing PersistenceUnitInfo [name: default]
2025-10-15 18:31:17 INFO  [main] [] [] org.hibernate.Version - HHH000412: Hibernate ORM core version 6.6.26.Final
2025-10-15 18:31:17 INFO  [main] [] [] o.h.c.i.RegionFactoryInitiator - HHH000026: Second-level cache disabled
2025-10-15 18:31:17 INFO  [main] [] [] o.s.o.j.p.SpringPersistenceUnitInfo - No LoadTimeWeaver setup: ignoring JPA class transformer
2025-10-15 18:31:17 INFO  [main] [] [] com.zaxxer.hikari.HikariDataSource - HikariPool-1 - Starting...
2025-10-15 18:31:17 INFO  [main] [] [] com.zaxxer.hikari.pool.HikariPool - HikariPool-1 - Added connection org.postgresql.jdbc.PgConnection@10b87ff6
2025-10-15 18:31:17 INFO  [main] [] [] com.zaxxer.hikari.HikariDataSource - HikariPool-1 - Start completed.
2025-10-15 18:31:17 INFO  [main] [] [] o.hibernate.orm.connections.pooling - HHH10001005: Database info:
	Database JDBC URL [Connecting through datasource 'HikariDataSource (HikariPool-1)']
	Database driver: undefined/unknown
	Database version: 17.5
	Autocommit mode: undefined/unknown
	Isolation level: undefined/unknown
	Minimum pool size: undefined/unknown
	Maximum pool size: undefined/unknown
2025-10-15 18:31:18 INFO  [main] [] [] o.h.e.t.j.p.i.JtaPlatformInitiator - HHH000489: No JTA platform available (set 'hibernate.transaction.jta.platform' to enable JTA platform integration)
2025-10-15 18:31:18 INFO  [main] [] [] o.s.o.j.LocalContainerEntityManagerFactoryBean - Initialized JPA EntityManagerFactory for persistence unit 'default'
2025-10-15 18:31:18 WARN  [main] [] [] o.s.b.a.o.j.JpaBaseConfiguration$JpaWebConfiguration - spring.jpa.open-in-view is enabled by default. Therefore, database queries may be performed during view rendering. Explicitly configure spring.jpa.open-in-view to disable this warning
2025-10-15 18:31:18 WARN  [main] [] [] o.s.b.a.s.s.UserDetailsServiceAutoConfiguration - 

Using generated security password: c1c0b9de-a39d-413d-9dc0-aa3310730f9f

This generated password is for development use only. Your security configuration must be updated before running your application in production.

2025-10-15 18:31:18 INFO  [main] [] [] o.s.s.c.a.a.c.InitializeUserDetailsBeanManagerConfigurer$InitializeUserDetailsManagerConfigurer - Global AuthenticationManager configured with UserDetailsService bean with name inMemoryUserDetailsManager
2025-10-15 18:31:19 INFO  [main] [] [] o.s.b.a.w.s.WelcomePageHandlerMapping - Adding welcome page: class path resource [static/index.html]
2025-10-15 18:31:19 INFO  [main] [] [] o.s.b.w.e.tomcat.TomcatWebServer - Tomcat started on port 8080 (http) with context path '/'
2025-10-15 18:31:19 INFO  [main] [] [] c.v.springjwt.SpringjwtApplication - Started SpringjwtApplication in 4.266 seconds (process running for 4.561)
2025-10-15 18:38:05 INFO  [http-nio-8080-exec-1] [] [] o.a.c.c.C.[Tomcat].[localhost].[/] - Initializing Spring DispatcherServlet 'dispatcherServlet'
2025-10-15 18:38:05 INFO  [http-nio-8080-exec-1] [] [] o.s.web.servlet.DispatcherServlet - Initializing Servlet 'dispatcherServlet'
2025-10-15 18:38:05 INFO  [http-nio-8080-exec-1] [] [] o.s.web.servlet.DispatcherServlet - Completed initialization in 1 ms
2025-10-15 19:03:24 INFO  [SpringApplicationShutdownHook] [] [] o.s.b.w.e.tomcat.GracefulShutdown - Commencing graceful shutdown. Waiting for active requests to complete
2025-10-15 19:03:24 INFO  [tomcat-shutdown] [] [] o.s.b.w.e.tomcat.GracefulShutdown - Graceful shutdown complete
2025-10-15 19:03:24 INFO  [SpringApplicationShutdownHook] [] [] o.s.o.j.LocalContainerEntityManagerFactoryBean - Closing JPA EntityManagerFactory for persistence unit 'default'
2025-10-15 19:03:24 INFO  [SpringApplicationShutdownHook] [] [] com.zaxxer.hikari.HikariDataSource - HikariPool-1 - Shutdown initiated...
2025-10-15 19:03:24 INFO  [SpringApplicationShutdownHook] [] [] com.zaxxer.hikari.HikariDataSource - HikariPool-1 - Shutdown completed.
2025-10-15 19:03:32 INFO  [main] [] [] c.v.springjwt.SpringjwtApplication - Starting SpringjwtApplication using Java 17.0.15 with PID 8784 (F:\Java Projects\diamond-sharping-center\backend\target\classes started by Alvin in F:\Java Projects\diamond-sharping-center\backend)
2025-10-15 19:03:32 DEBUG [main] [] [] c.v.springjwt.SpringjwtApplication - Running with Spring Boot v3.5.5, Spring v6.2.10
2025-10-15 19:03:32 INFO  [main] [] [] c.v.springjwt.SpringjwtApplication - No active profile set, falling back to 1 default profile: "default"
2025-10-15 19:03:33 INFO  [main] [] [] o.s.d.r.c.RepositoryConfigurationDelegate - Bootstrapping Spring Data JPA repositories in DEFAULT mode.
2025-10-15 19:03:33 INFO  [main] [] [] o.s.d.r.c.RepositoryConfigurationDelegate - Finished Spring Data repository scanning in 55 ms. Found 2 JPA repository interfaces.
2025-10-15 19:03:33 INFO  [main] [] [] o.s.b.w.e.tomcat.TomcatWebServer - Tomcat initialized with port 8080 (http)
2025-10-15 19:03:33 INFO  [main] [] [] o.a.catalina.core.StandardService - Starting service [Tomcat]
2025-10-15 19:03:33 INFO  [main] [] [] o.a.catalina.core.StandardEngine - Starting Servlet engine: [Apache Tomcat/10.1.44]
2025-10-15 19:03:33 INFO  [main] [] [] o.a.c.c.C.[Tomcat].[localhost].[/] - Initializing Spring embedded WebApplicationContext
2025-10-15 19:03:33 INFO  [main] [] [] o.s.b.w.s.c.ServletWebServerApplicationContext - Root WebApplicationContext: initialization completed in 1243 ms
2025-10-15 19:03:34 DEBUG [main] [] [] c.v.springjwt.filter.JwtAuthFilter - Filter 'jwtAuthFilter' configured for use
2025-10-15 19:03:34 INFO  [main] [] [] o.h.jpa.internal.util.LogHelper - HHH000204: Processing PersistenceUnitInfo [name: default]
2025-10-15 19:03:34 INFO  [main] [] [] org.hibernate.Version - HHH000412: Hibernate ORM core version 6.6.26.Final
2025-10-15 19:03:34 INFO  [main] [] [] o.h.c.i.RegionFactoryInitiator - HHH000026: Second-level cache disabled
2025-10-15 19:03:34 INFO  [main] [] [] o.s.o.j.p.SpringPersistenceUnitInfo - No LoadTimeWeaver setup: ignoring JPA class transformer
2025-10-15 19:03:34 INFO  [main] [] [] com.zaxxer.hikari.HikariDataSource - HikariPool-1 - Starting...
2025-10-15 19:03:34 INFO  [main] [] [] com.zaxxer.hikari.pool.HikariPool - HikariPool-1 - Added connection org.postgresql.jdbc.PgConnection@10b87ff6
2025-10-15 19:03:34 INFO  [main] [] [] com.zaxxer.hikari.HikariDataSource - HikariPool-1 - Start completed.
2025-10-15 19:03:34 INFO  [main] [] [] o.hibernate.orm.connections.pooling - HHH10001005: Database info:
	Database JDBC URL [Connecting through datasource 'HikariDataSource (HikariPool-1)']
	Database driver: undefined/unknown
	Database version: 17.5
	Autocommit mode: undefined/unknown
	Isolation level: undefined/unknown
	Minimum pool size: undefined/unknown
	Maximum pool size: undefined/unknown
2025-10-15 19:03:35 INFO  [main] [] [] o.h.e.t.j.p.i.JtaPlatformInitiator - HHH000489: No JTA platform available (set 'hibernate.transaction.jta.platform' to enable JTA platform integration)
2025-10-15 19:03:35 INFO  [main] [] [] o.s.o.j.LocalContainerEntityManagerFactoryBean - Initialized JPA EntityManagerFactory for persistence unit 'default'
2025-10-15 19:03:36 WARN  [main] [] [] o.s.b.a.o.j.JpaBaseConfiguration$JpaWebConfiguration - spring.jpa.open-in-view is enabled by default. Therefore, database queries may be performed during view rendering. Explicitly configure spring.jpa.open-in-view to disable this warning
2025-10-15 19:03:36 WARN  [main] [] [] o.s.b.a.s.s.UserDetailsServiceAutoConfiguration - 

Using generated security password: b5ffd9fe-09ca-4ff7-a84b-3f47302cb508

This generated password is for development use only. Your security configuration must be updated before running your application in production.

2025-10-15 19:03:36 INFO  [main] [] [] o.s.s.c.a.a.c.InitializeUserDetailsBeanManagerConfigurer$InitializeUserDetailsManagerConfigurer - Global AuthenticationManager configured with UserDetailsService bean with name inMemoryUserDetailsManager
2025-10-15 19:03:36 INFO  [main] [] [] o.s.b.a.w.s.WelcomePageHandlerMapping - Adding welcome page: class path resource [static/index.html]
2025-10-15 19:03:37 INFO  [main] [] [] o.s.b.w.e.tomcat.TomcatWebServer - Tomcat started on port 8080 (http) with context path '/'
2025-10-15 19:03:37 INFO  [main] [] [] c.v.springjwt.SpringjwtApplication - Started SpringjwtApplication in 5.124 seconds (process running for 5.438)
2025-10-15 19:03:37 INFO  [http-nio-8080-exec-3] [] [] o.a.c.c.C.[Tomcat].[localhost].[/] - Initializing Spring DispatcherServlet 'dispatcherServlet'
2025-10-15 19:03:37 INFO  [http-nio-8080-exec-3] [] [] o.s.web.servlet.DispatcherServlet - Initializing Servlet 'dispatcherServlet'
2025-10-15 19:03:37 INFO  [http-nio-8080-exec-3] [] [] o.s.web.servlet.DispatcherServlet - Completed initialization in 1 ms
2025-10-15 19:08:44 INFO  [SpringApplicationShutdownHook] [] [] o.s.b.w.e.tomcat.GracefulShutdown - Commencing graceful shutdown. Waiting for active requests to complete
2025-10-15 19:08:45 INFO  [tomcat-shutdown] [] [] o.s.b.w.e.tomcat.GracefulShutdown - Graceful shutdown complete
2025-10-15 19:08:45 INFO  [SpringApplicationShutdownHook] [] [] o.s.o.j.LocalContainerEntityManagerFactoryBean - Closing JPA EntityManagerFactory for persistence unit 'default'
2025-10-15 19:08:45 INFO  [SpringApplicationShutdownHook] [] [] com.zaxxer.hikari.HikariDataSource - HikariPool-1 - Shutdown initiated...
2025-10-15 19:08:45 INFO  [SpringApplicationShutdownHook] [] [] com.zaxxer.hikari.HikariDataSource - HikariPool-1 - Shutdown completed.
2025-10-15 19:08:54 INFO  [main] [] [] c.v.springjwt.SpringjwtApplication - Starting SpringjwtApplication using Java 17.0.15 with PID 17292 (F:\Java Projects\diamond-sharping-center\backend\target\classes started by Alvin in F:\Java Projects\diamond-sharping-center\backend)
2025-10-15 19:08:54 DEBUG [main] [] [] c.v.springjwt.SpringjwtApplication - Running with Spring Boot v3.5.5, Spring v6.2.10
2025-10-15 19:08:54 INFO  [main] [] [] c.v.springjwt.SpringjwtApplication - No active profile set, falling back to 1 default profile: "default"
2025-10-15 19:08:54 INFO  [main] [] [] o.s.d.r.c.RepositoryConfigurationDelegate - Bootstrapping Spring Data JPA repositories in DEFAULT mode.
2025-10-15 19:08:54 INFO  [main] [] [] o.s.d.r.c.RepositoryConfigurationDelegate - Finished Spring Data repository scanning in 53 ms. Found 2 JPA repository interfaces.
2025-10-15 19:08:55 INFO  [main] [] [] o.s.b.w.e.tomcat.TomcatWebServer - Tomcat initialized with port 8080 (http)
2025-10-15 19:08:55 INFO  [main] [] [] o.a.catalina.core.StandardService - Starting service [Tomcat]
2025-10-15 19:08:55 INFO  [main] [] [] o.a.catalina.core.StandardEngine - Starting Servlet engine: [Apache Tomcat/10.1.44]
2025-10-15 19:08:55 INFO  [main] [] [] o.a.c.c.C.[Tomcat].[localhost].[/] - Initializing Spring embedded WebApplicationContext
2025-10-15 19:08:55 INFO  [main] [] [] o.s.b.w.s.c.ServletWebServerApplicationContext - Root WebApplicationContext: initialization completed in 1249 ms
2025-10-15 19:08:55 DEBUG [main] [] [] c.v.springjwt.filter.JwtAuthFilter - Filter 'jwtAuthFilter' configured for use
2025-10-15 19:08:55 INFO  [main] [] [] o.h.jpa.internal.util.LogHelper - HHH000204: Processing PersistenceUnitInfo [name: default]
2025-10-15 19:08:55 INFO  [main] [] [] org.hibernate.Version - HHH000412: Hibernate ORM core version 6.6.26.Final
2025-10-15 19:08:55 INFO  [main] [] [] o.h.c.i.RegionFactoryInitiator - HHH000026: Second-level cache disabled
2025-10-15 19:08:55 INFO  [main] [] [] o.s.o.j.p.SpringPersistenceUnitInfo - No LoadTimeWeaver setup: ignoring JPA class transformer
2025-10-15 19:08:55 INFO  [main] [] [] com.zaxxer.hikari.HikariDataSource - HikariPool-1 - Starting...
2025-10-15 19:08:56 INFO  [main] [] [] com.zaxxer.hikari.pool.HikariPool - HikariPool-1 - Added connection org.postgresql.jdbc.PgConnection@10b87ff6
2025-10-15 19:08:56 INFO  [main] [] [] com.zaxxer.hikari.HikariDataSource - HikariPool-1 - Start completed.
2025-10-15 19:08:56 INFO  [main] [] [] o.hibernate.orm.connections.pooling - HHH10001005: Database info:
	Database JDBC URL [Connecting through datasource 'HikariDataSource (HikariPool-1)']
	Database driver: undefined/unknown
	Database version: 17.5
	Autocommit mode: undefined/unknown
	Isolation level: undefined/unknown
	Minimum pool size: undefined/unknown
	Maximum pool size: undefined/unknown
2025-10-15 19:08:57 INFO  [main] [] [] o.h.e.t.j.p.i.JtaPlatformInitiator - HHH000489: No JTA platform available (set 'hibernate.transaction.jta.platform' to enable JTA platform integration)
2025-10-15 19:08:57 INFO  [main] [] [] o.s.o.j.LocalContainerEntityManagerFactoryBean - Initialized JPA EntityManagerFactory for persistence unit 'default'
2025-10-15 19:08:57 WARN  [main] [] [] o.s.b.a.o.j.JpaBaseConfiguration$JpaWebConfiguration - spring.jpa.open-in-view is enabled by default. Therefore, database queries may be performed during view rendering. Explicitly configure spring.jpa.open-in-view to disable this warning
2025-10-15 19:08:57 WARN  [main] [] [] o.s.b.a.s.s.UserDetailsServiceAutoConfiguration - 

Using generated security password: 0397ad92-65a0-4164-9adc-200113aa3b90

This generated password is for development use only. Your security configuration must be updated before running your application in production.

2025-10-15 19:08:57 INFO  [main] [] [] o.s.s.c.a.a.c.InitializeUserDetailsBeanManagerConfigurer$InitializeUserDetailsManagerConfigurer - Global AuthenticationManager configured with UserDetailsService bean with name inMemoryUserDetailsManager
2025-10-15 19:08:57 INFO  [main] [] [] o.s.b.a.w.s.WelcomePageHandlerMapping - Adding welcome page: class path resource [static/index.html]
2025-10-15 19:08:58 INFO  [main] [] [] o.s.b.w.e.tomcat.TomcatWebServer - Tomcat started on port 8080 (http) with context path '/'
2025-10-15 19:08:58 INFO  [main] [] [] c.v.springjwt.SpringjwtApplication - Started SpringjwtApplication in 4.379 seconds (process running for 4.681)
2025-10-15 19:09:07 INFO  [http-nio-8080-exec-1] [] [] o.a.c.c.C.[Tomcat].[localhost].[/] - Initializing Spring DispatcherServlet 'dispatcherServlet'
2025-10-15 19:09:07 INFO  [http-nio-8080-exec-1] [] [] o.s.web.servlet.DispatcherServlet - Initializing Servlet 'dispatcherServlet'
2025-10-15 19:09:07 INFO  [http-nio-8080-exec-1] [] [] o.s.web.servlet.DispatcherServlet - Completed initialization in 1 ms
2025-10-15 21:05:32 WARN  [HikariPool-1:housekeeper] [] [] com.zaxxer.hikari.pool.HikariPool - HikariPool-1 - Thread starvation or clock leap detected (housekeeper delta=1h40m6s5ms401µs900ns).
